<?xml version="1.0" encoding="UTF-8"?>
<testng-results ignored="0" total="3" passed="3" failed="0" skipped="0">
  <reporter-output>
  </reporter-output>
  <suite started-at="2022-06-28T17:05:25 PDT" name="Default Suite" finished-at="2022-06-28T17:05:25 PDT" duration-ms="59">
    <groups>
    </groups>
    <test started-at="2022-06-28T17:05:25 PDT" name="SeleniumProject" finished-at="2022-06-28T17:05:25 PDT" duration-ms="59">
      <class name="firstTestNG">
        <test-method signature="setup()[pri:0, instance:firstTestNG@1a451d4d]" started-at="2022-06-28T17:05:25 PDT" name="setup" finished-at="2022-06-28T17:05:25 PDT" duration-ms="11" status="PASS">
          <reporter-output>
          </reporter-output>
        </test-method> <!-- setup -->
        <test-method signature="teardown()[pri:0, instance:firstTestNG@1a451d4d]" started-at="2022-06-28T17:05:25 PDT" name="teardown" finished-at="2022-06-28T17:05:25 PDT" duration-ms="0" status="PASS">
          <reporter-output>
          </reporter-output>
        </test-method> <!-- teardown -->
        <test-method signature="testSteps()[pri:0, instance:firstTestNG@1a451d4d]" started-at="2022-06-28T17:05:25 PDT" name="testSteps" finished-at="2022-06-28T17:05:25 PDT" duration-ms="1" status="PASS">
          <reporter-output>
          </reporter-output>
        </test-method> <!-- testSteps -->
      </class> <!-- firstTestNG -->
    </test> <!-- SeleniumProject -->
  </suite> <!-- Default Suite -->
</testng-results>
